12B 
1R 12B 
1R 9B 12R 
1B 2R 9B 12B 
0R 1B 2R 9B 12B 
0R 1B 2R 9B 11R 12B 
0B 1R 2B 7R 9B 11R 12B 
0B 1R 2B 7R 9B 11R 12B 19R 
0B 1R 2R 4B 7R 9B 11R 12B 19R 
0B 1R 2R 4B 7R 9B 11B 12R 15R 19B 
0B 1R 2R 4B 7R 9B 11B 12R 15R 18B 19R 
0B 1B 2B 4R 5R 7B 9B 11B 12B 15R 18B 19R 
0B 1B 2B 4R 5R 7B 9B 11B 12B 14R 15B 18R 19B 
0B 1B 2B 4R 5R 7B 9B 11B 12B 13R 14B 15R 18R 19B 
0B 1B 2B 4R 5R 7B 9B 10R 11B 12B 13R 14B 15R 18R 19B 
0B 1B 2B 4R 5R 7B 9B 10R 11B 12R 13B 14B 15B 16R 18R 19B 
0B 1B 2B 4R 5R 6B 7R 9B 10R 11B 12R 13B 14B 15B 16R 18R 19B 
0B 1B 2B 3R 4R 5R 6B 7R 9B 10R 11B 12R 13B 14B 15B 16R 18R 19B 
0B 1R 2B 3R 4B 5B 6R 7B 8R 9B 10R 11B 12R 13B 14B 15B 16R 18R 19B 
0B 1R 2B 3R 4B 5B 6R 7B 8R 9B 10R 11B 12R 13B 14B 15R 16B 17R 18R 19B 
