
delete: 
0B 1R 2B 3R 4B 5B 6R 7B 8R 9B 10B 11R 13B 14B 15R 16B 17R 18R 19B 
0B 2R 3B 4B 5B 6R 7B 8R 9B 10B 11R 13B 14B 15R 16B 17R 18R 19B 
0B 2R 3B 4B 5B 6R 7B 8R 10B 11B 13R 14B 15R 16B 17R 18R 19B 
0R 3B 4B 5B 6R 7B 8R 10B 11B 13R 14B 15R 16B 17R 18R 19B 
3B 4B 5B 6R 7B 8R 10B 11B 13R 14B 15R 16B 17R 18R 19B 
3B 4B 5B 6R 7B 8R 10B 13B 14B 15R 16B 17R 18R 19B 
3B 4B 5B 6R 8B 10B 13B 14B 15R 16B 17R 18R 19B 
3B 4B 5B 6R 8B 10B 13B 14B 15R 16B 17R 18B 
3B 5B 6B 8R 10B 13B 14B 15R 16B 17R 18B 
3B 5B 6B 8R 10B 13B 14B 16B 17R 18B 
3B 5B 6B 8R 10B 13B 14B 16R 17B 
3B 6B 8B 10B 13B 14B 16R 17B 
3B 6B 8B 10B 13B 16B 17B 
3B 6R 8B 10B 16B 17R 
3B 6R 8B 16B 17B 
3B 6B 8R 17B 
3B 8B 17B 
8B 17R 
17B 

